<?xml version="1.0" encoding="UTF-8"?>
<testng-results skipped="0" failed="1" total="1" passed="0">
  <reporter-output>
  </reporter-output>
  <suite name="Default suite" duration-ms="40376" started-at="2016-05-16T13:14:40Z" finished-at="2016-05-16T13:15:20Z">
    <groups>
    </groups>
    <test name="Default test" duration-ms="40376" started-at="2016-05-16T13:14:40Z" finished-at="2016-05-16T13:15:20Z">
      <class name="com.metacube.ipathshala.suite.AcademicCalendar.CreateAcademicCalendar">
        <test-method status="PASS" signature="testData()[pri:0, instance:com.metacube.ipathshala.suite.AcademicCalendar.CreateAcademicCalendar@3fc80fae]" name="testData" is-config="true" duration-ms="35" started-at="2016-05-16T18:44:40Z" finished-at="2016-05-16T18:44:40Z">
          <reporter-output>
          </reporter-output>
        </test-method> <!-- testData -->
        <test-method status="PASS" signature="applicationLogin()[pri:0, instance:com.metacube.ipathshala.suite.AcademicCalendar.CreateAcademicCalendar@3fc80fae]" name="applicationLogin" is-config="true" duration-ms="34765" started-at="2016-05-16T18:44:40Z" finished-at="2016-05-16T18:45:14Z">
          <reporter-output>
          </reporter-output>
        </test-method> <!-- applicationLogin -->
        <test-method status="FAIL" signature="createAcademicCalendar()[pri:0, instance:com.metacube.ipathshala.suite.AcademicCalendar.CreateAcademicCalendar@3fc80fae]" name="createAcademicCalendar" duration-ms="5501" started-at="2016-05-16T18:45:14Z" finished-at="2016-05-16T18:45:20Z">
          <exception class="org.openqa.selenium.WebDriverException">
            <message>
              <![CDATA[Element is not clickable at point (287.56666564941406, 163.1999969482422). Other element would receive the click: <divstyle="position: fixed; top: 0%; left: 0%; height: 100%; width: 100%; z-index: 1000; opacity: 0.6; background: black;"> </div>
Command duration or timeout: 176 milliseconds
Build info: version: '2.51.0', revision: '1af067dbcaedd7d2ab9af5151fc471d363d97193', time: '2016-02-05 11:20:57'
System info: host: 'Ashok-Singh', ip: '172.16.11.103', os.name: 'Windows 8', os.arch: 'amd64', os.version: '6.2', java.version: '1.7.0_25'
Session ID: 8a1bc739-932b-44e0-a926-503c934532e0
Driver info: org.openqa.selenium.firefox.FirefoxDriver
Capabilities [{platform=WINDOWS, acceptSslCerts=true, javascriptEnabled=true, cssSelectorsEnabled=true, databaseEnabled=true, browserName=firefox, handlesAlerts=true, nativeEvents=false, webStorageEnabled=true, rotatable=false, locationContextEnabled=true, applicationCacheEnabled=true, takesScreenshot=true, version=46.0.1}]]]>
            </message>
            <full-stacktrace>
              <![CDATA[org.openqa.selenium.WebDriverException: Element is not clickable at point (287.56666564941406, 163.1999969482422). Other element would receive the click: <divstyle="position: fixed; top: 0%; left: 0%; height: 100%; width: 100%; z-index: 1000; opacity: 0.6; background: black;"> </div>
Command duration or timeout: 176 milliseconds
Build info: version: '2.51.0', revision: '1af067dbcaedd7d2ab9af5151fc471d363d97193', time: '2016-02-05 11:20:57'
System info: host: 'Ashok-Singh', ip: '172.16.11.103', os.name: 'Windows 8', os.arch: 'amd64', os.version: '6.2', java.version: '1.7.0_25'
Session ID: 8a1bc739-932b-44e0-a926-503c934532e0
Driver info: org.openqa.selenium.firefox.FirefoxDriver
Capabilities [{platform=WINDOWS, acceptSslCerts=true, javascriptEnabled=true, cssSelectorsEnabled=true, databaseEnabled=true, browserName=firefox, handlesAlerts=true, nativeEvents=false, webStorageEnabled=true, rotatable=false, locationContextEnabled=true, applicationCacheEnabled=true, takesScreenshot=true, version=46.0.1}]
	at sun.reflect.NativeConstructorAccessorImpl.newInstance0(Native Method)
	at sun.reflect.NativeConstructorAccessorImpl.newInstance(Unknown Source)
	at sun.reflect.DelegatingConstructorAccessorImpl.newInstance(Unknown Source)
	at java.lang.reflect.Constructor.newInstance(Unknown Source)
	at org.openqa.selenium.remote.ErrorHandler.createThrowable(ErrorHandler.java:206)
	at org.openqa.selenium.remote.ErrorHandler.throwIfResponseFailed(ErrorHandler.java:158)
	at org.openqa.selenium.remote.RemoteWebDriver.execute(RemoteWebDriver.java:678)
	at org.openqa.selenium.remote.RemoteWebElement.execute(RemoteWebElement.java:327)
	at org.openqa.selenium.remote.RemoteWebElement.click(RemoteWebElement.java:85)
	at com.metacube.ipathshala.suite.AcademicCalendar.CreateAcademicCalendar.createAcademicCalendar(CreateAcademicCalendar.java:77)
	at sun.reflect.NativeMethodAccessorImpl.invoke0(Native Method)
	at sun.reflect.NativeMethodAccessorImpl.invoke(Unknown Source)
	at sun.reflect.DelegatingMethodAccessorImpl.invoke(Unknown Source)
	at java.lang.reflect.Method.invoke(Unknown Source)
	at org.testng.internal.MethodInvocationHelper.invokeMethod(MethodInvocationHelper.java:80)
	at org.testng.internal.Invoker.invokeMethod(Invoker.java:714)
	at org.testng.internal.Invoker.invokeTestMethod(Invoker.java:901)
	at org.testng.internal.Invoker.invokeTestMethods(Invoker.java:1231)
	at org.testng.internal.TestMethodWorker.invokeTestMethods(TestMethodWorker.java:127)
	at org.testng.internal.TestMethodWorker.run(TestMethodWorker.java:111)
	at org.testng.TestRunner.privateRun(TestRunner.java:767)
	at org.testng.TestRunner.run(TestRunner.java:617)
	at org.testng.SuiteRunner.runTest(SuiteRunner.java:334)
	at org.testng.SuiteRunner.runSequentially(SuiteRunner.java:329)
	at org.testng.SuiteRunner.privateRun(SuiteRunner.java:291)
	at org.testng.SuiteRunner.run(SuiteRunner.java:240)
	at org.testng.SuiteRunnerWorker.runSuite(SuiteRunnerWorker.java:52)
	at org.testng.SuiteRunnerWorker.run(SuiteRunnerWorker.java:86)
	at org.testng.TestNG.runSuitesSequentially(TestNG.java:1198)
	at org.testng.TestNG.runSuitesLocally(TestNG.java:1123)
	at org.testng.TestNG.run(TestNG.java:1031)
	at org.testng.remote.AbstractRemoteTestNG.run(AbstractRemoteTestNG.java:126)
	at org.testng.remote.RemoteTestNG.initAndRun(RemoteTestNG.java:137)
	at org.testng.remote.RemoteTestNG.main(RemoteTestNG.java:58)
]]>
            </full-stacktrace>
          </exception> <!-- org.openqa.selenium.WebDriverException -->
          <reporter-output>
          </reporter-output>
        </test-method> <!-- createAcademicCalendar -->
      </class> <!-- com.metacube.ipathshala.suite.AcademicCalendar.CreateAcademicCalendar -->
    </test> <!-- Default test -->
  </suite> <!-- Default suite -->
</testng-results>
