<?xml version="1.0" encoding="UTF-8"?>
<testng-results skipped="0" failed="0" total="1" passed="1">
  <reporter-output>
  </reporter-output>
  <suite name="Default suite" duration-ms="25276" started-at="2016-05-11T09:33:02Z" finished-at="2016-05-11T09:33:28Z">
    <groups>
    </groups>
    <test name="Default test" duration-ms="25276" started-at="2016-05-11T09:33:02Z" finished-at="2016-05-11T09:33:28Z">
      <class name="com.metacube.ipathshala.suite.Login.LoginByAdmin">
        <test-method status="PASS" signature="createDriver()[pri:0, instance:com.metacube.ipathshala.suite.Login.LoginByAdmin@109c9c0]" name="createDriver" is-config="true" duration-ms="7030" started-at="2016-05-11T15:03:02Z" finished-at="2016-05-11T15:03:09Z">
          <reporter-output>
          </reporter-output>
        </test-method> <!-- createDriver -->
        <test-method status="PASS" signature="passUrl()[pri:0, instance:com.metacube.ipathshala.suite.Login.LoginByAdmin@109c9c0]" name="passUrl" is-config="true" duration-ms="3191" started-at="2016-05-11T15:03:09Z" finished-at="2016-05-11T15:03:13Z">
          <reporter-output>
          </reporter-output>
        </test-method> <!-- passUrl -->
        <test-method status="PASS" signature="loginByAdmin()[pri:0, instance:com.metacube.ipathshala.suite.Login.LoginByAdmin@109c9c0]" name="loginByAdmin" duration-ms="15040" started-at="2016-05-11T15:03:13Z" finished-at="2016-05-11T15:03:28Z">
          <reporter-output>
          </reporter-output>
        </test-method> <!-- loginByAdmin -->
      </class> <!-- com.metacube.ipathshala.suite.Login.LoginByAdmin -->
    </test> <!-- Default test -->
  </suite> <!-- Default suite -->
</testng-results>
