<?xml version="1.0" encoding="UTF-8"?>
<testng-results skipped="0" failed="0" total="1" passed="1">
  <reporter-output>
  </reporter-output>
  <suite name="Default suite" duration-ms="30685" started-at="2016-05-11T09:05:19Z" finished-at="2016-05-11T09:05:50Z">
    <groups>
    </groups>
    <test name="Default test" duration-ms="30685" started-at="2016-05-11T09:05:19Z" finished-at="2016-05-11T09:05:50Z">
      <class name="com.metacube.ipathshala.suite.Login.LoginByAdmin">
        <test-method status="PASS" signature="createDriver()[pri:0, instance:com.metacube.ipathshala.suite.Login.LoginByAdmin@1077e76]" name="createDriver" is-config="true" duration-ms="10902" started-at="2016-05-11T14:35:19Z" finished-at="2016-05-11T14:35:30Z">
          <reporter-output>
          </reporter-output>
        </test-method> <!-- createDriver -->
        <test-method status="PASS" signature="passUrl()[pri:0, instance:com.metacube.ipathshala.suite.Login.LoginByAdmin@1077e76]" name="passUrl" is-config="true" duration-ms="5178" started-at="2016-05-11T14:35:30Z" finished-at="2016-05-11T14:35:35Z">
          <reporter-output>
          </reporter-output>
        </test-method> <!-- passUrl -->
        <test-method status="PASS" signature="loginByAdmin()[pri:0, instance:com.metacube.ipathshala.suite.Login.LoginByAdmin@1077e76]" name="loginByAdmin" duration-ms="14590" started-at="2016-05-11T14:35:35Z" finished-at="2016-05-11T14:35:50Z">
          <reporter-output>
          </reporter-output>
        </test-method> <!-- loginByAdmin -->
      </class> <!-- com.metacube.ipathshala.suite.Login.LoginByAdmin -->
    </test> <!-- Default test -->
  </suite> <!-- Default suite -->
</testng-results>
