<?xml version="1.0" encoding="UTF-8"?>
<testng-results skipped="0" failed="0" total="1" passed="1">
  <reporter-output>
  </reporter-output>
  <suite name="Default suite" duration-ms="22843" started-at="2016-05-02T13:26:15Z" finished-at="2016-05-02T13:26:38Z">
    <groups>
    </groups>
    <test name="Default test" duration-ms="22843" started-at="2016-05-02T13:26:15Z" finished-at="2016-05-02T13:26:38Z">
      <class name="LoginTestCases.LoginPostive1">
        <test-method status="PASS" signature="launchBrowser()[pri:0, instance:LoginTestCases.LoginPostive1@c03bcd]" name="launchBrowser" is-config="true" duration-ms="6822" started-at="2016-05-02T18:56:15Z" finished-at="2016-05-02T18:56:22Z">
          <reporter-output>
          </reporter-output>
        </test-method> <!-- launchBrowser -->
        <test-method status="PASS" signature="passCollegeApplicationUrl()[pri:0, instance:LoginTestCases.LoginPostive1@c03bcd]" name="passCollegeApplicationUrl" is-config="true" duration-ms="3245" started-at="2016-05-02T18:56:22Z" finished-at="2016-05-02T18:56:25Z">
          <reporter-output>
          </reporter-output>
        </test-method> <!-- passCollegeApplicationUrl -->
        <test-method status="PASS" signature="loginMethod()[pri:0, instance:LoginTestCases.LoginPostive1@c03bcd]" name="loginMethod" duration-ms="12762" started-at="2016-05-02T18:56:25Z" finished-at="2016-05-02T18:56:38Z">
          <reporter-output>
          </reporter-output>
        </test-method> <!-- loginMethod -->
        <test-method status="PASS" signature="closeBrowser()[pri:0, instance:LoginTestCases.LoginPostive1@c03bcd]" name="closeBrowser" is-config="true" duration-ms="1" started-at="2016-05-02T18:56:38Z" finished-at="2016-05-02T18:56:38Z">
          <reporter-output>
          </reporter-output>
        </test-method> <!-- closeBrowser -->
      </class> <!-- LoginTestCases.LoginPostive1 -->
    </test> <!-- Default test -->
  </suite> <!-- Default suite -->
</testng-results>
